[20231102-21:22:20-663] INFO    main                 o.o.util.Environment.logSystemInfo()                   : openTCS baseline version: 5.11.0 (build date: 2023-10-26 12:20:01), customization '-' version - (build date: -), Java: 14.0.1, Oracle Corporation; JVM: 14.0.1+7, Oracle Corporation; OS: Mac OS X, x86_64
[20231102-21:22:20-725] INFO    main                 o.o.c.cfg4j.Cfg4jConfigurationBindingProvider.buildSource(): Using default configuration file /Volumes/workspace 1/SWorkspace/openTCS-5.11.0-bin/openTCS-Kernel/./config/opentcs-kernel-defaults-baseline.properties...
[20231102-21:22:20-729] WARNING main                 o.o.c.cfg4j.Cfg4jConfigurationBindingProvider.buildSource(): Supplementary configuration file /Volumes/workspace 1/SWorkspace/openTCS-5.11.0-bin/openTCS-Kernel/./config/opentcs-kernel-defaults-custom.properties not found, skipped.
[20231102-21:22:20-729] INFO    main                 o.o.c.cfg4j.Cfg4jConfigurationBindingProvider.buildSource(): Using overrides from supplementary configuration file /Volumes/workspace 1/SWorkspace/openTCS-5.11.0-bin/openTCS-Kernel/./config/opentcs-kernel.properties...
[20231102-21:22:20-733] INFO    main                 o.o.c.cfg4j.Cfg4jConfigurationBindingProvider.reloadInterval(): Using configuration reload interval of 10000 ms.
[20231102-21:22:20-747] INFO    main                 o.c.provider.ConfigurationProviderBuilder.build()      : Initializing ConfigurationProvider with org.opentcs.configuration.cfg4j.CachedConfigurationSource source, org.opentcs.configuration.cfg4j.PeriodicalReloadStrategy reload strategy and org.cfg4j.source.context.environment.DefaultEnvironment environment
[20231102-21:22:20-771] INFO    main                 o.o.kernel.RunKernel.findRegisteredModules()           : Integrating injection module org.opentcs.virtualvehicle.LoopbackCommAdapterModule (source: (file:/Volumes/workspace%201/SWorkspace/openTCS-5.11.0-bin/openTCS-Kernel/lib/opentcs-commadapter-loopback-5.11.0.jar <no signer certificates>))
[20231102-21:22:20-773] INFO    main                 o.o.kernel.RunKernel.findRegisteredModules()           : Integrating injection module org.opentcs.kernel.extensions.adminwebapi.AdminWebApiModule (source: (file:/Volumes/workspace%201/SWorkspace/openTCS-5.11.0-bin/openTCS-Kernel/lib/opentcs-kernel-extension-http-services-5.11.0.jar <no signer certificates>))
[20231102-21:22:20-774] INFO    main                 o.o.kernel.RunKernel.findRegisteredModules()           : Integrating injection module org.opentcs.kernel.extensions.servicewebapi.ServiceWebApiModule (source: (file:/Volumes/workspace%201/SWorkspace/openTCS-5.11.0-bin/openTCS-Kernel/lib/opentcs-kernel-extension-http-services-5.11.0.jar <no signer certificates>))
[20231102-21:22:20-775] INFO    main                 o.o.kernel.RunKernel.findRegisteredModules()           : Integrating injection module org.opentcs.kernel.extensions.rmi.RmiServicesModule (source: (file:/Volumes/workspace%201/SWorkspace/openTCS-5.11.0-bin/openTCS-Kernel/lib/opentcs-kernel-extension-rmi-services-5.11.0.jar <no signer certificates>))
[20231102-21:22:20-776] INFO    main                 o.o.kernel.RunKernel.findRegisteredModules()           : Integrating injection module org.opentcs.commadapter.peripheral.loopback.LoopbackPeripheralKernelModule (source: (file:/Volumes/workspace%201/SWorkspace/openTCS-5.11.0-bin/openTCS-Kernel/lib/opentcs-peripheralcommadapter-loopback-5.11.0.jar <no signer certificates>))
[20231102-21:22:21-003] WARNING main                 o.o.k.e.rmi.RmiServicesModule.configure()              : SSL encryption disabled, connections will not be secured!
[20231102-21:22:21-366] INFO    main                 o.o.k.vehicles.VehicleCommAdapterRegistry.<init>()     : Setting up communication adapter factory: org.opentcs.virtualvehicle.LoopbackCommunicationAdapterFactory
[20231102-21:22:21-376] INFO    main                 o.o.k.peripherals.PeripheralCommAdapterRegistry.<init>(): Setting up peripheral communication adapter factory: org.opentcs.commadapter.peripheral.loopback.LoopbackPeripheralCommAdapterFactory
[20231102-21:22:21-394] WARNING kernelExecutor       o.o.k.e.servicewebapi.ServiceWebApi.initialize()       : Encryption disabled, connections will not be secured!
[20231102-21:22:21-429] INFO    Thread-1             o.e.j.u.log.Log.initialized()                          : Logging initialized @1316ms to org.eclipse.jetty.util.log.Slf4jLog
[20231102-21:22:21-438] INFO    kernelExecutor       o.o.kernel.StandardKernel.setState()                   : Switching kernel to state 'MODELLING'
[20231102-21:22:21-441] INFO    kernelExecutor       o.o.k.workingset.PlantModelManager.createPlantModelObjects(): Plant model is being created: unnamed
[20231102-21:22:21-543] INFO    Thread-1             s.e.jetty.EmbeddedJettyServer.ignite()                 : == Spark has ignited ...
[20231102-21:22:21-543] INFO    Thread-0             s.e.jetty.EmbeddedJettyServer.ignite()                 : == Spark has ignited ...
[20231102-21:22:21-543] INFO    Thread-1             s.e.jetty.EmbeddedJettyServer.ignite()                 : >> Listening on 0.0.0.0:55200
[20231102-21:22:21-543] INFO    Thread-0             s.e.jetty.EmbeddedJettyServer.ignite()                 : >> Listening on 127.0.0.1:55100
[20231102-21:22:21-546] INFO    Thread-0             o.e.j.server.Server.doStart()                          : jetty-9.4.48.v20220622; built: 2022-06-21T20:42:25.880Z; git: 6b67c5719d1f4371b33655ff2d047d24e171e49a; jvm 14.0.1+7
[20231102-21:22:21-546] INFO    Thread-1             o.e.j.server.Server.doStart()                          : jetty-9.4.48.v20220622; built: 2022-06-21T20:42:25.880Z; git: 6b67c5719d1f4371b33655ff2d047d24e171e49a; jvm 14.0.1+7
[20231102-21:22:21-560] INFO    Thread-1             o.e.j.s.session.DefaultSessionIdManager.doStart()      : DefaultSessionIdManager workerName=node0
[20231102-21:22:21-560] INFO    Thread-0             o.e.j.s.session.DefaultSessionIdManager.doStart()      : DefaultSessionIdManager workerName=node0
[20231102-21:22:21-560] INFO    Thread-1             o.e.j.s.session.DefaultSessionIdManager.doStart()      : No SessionScavenger set, using defaults
[20231102-21:22:21-560] INFO    Thread-0             o.e.j.s.session.DefaultSessionIdManager.doStart()      : No SessionScavenger set, using defaults
[20231102-21:22:21-561] INFO    Thread-1             o.e.j.s.session.HouseKeeper.startScavenging()          : node0 Scavenging every 600000ms
[20231102-21:22:21-561] INFO    Thread-0             o.e.j.s.session.HouseKeeper.startScavenging()          : node0 Scavenging every 600000ms
[20231102-21:22:21-574] INFO    Thread-0             o.e.j.server.AbstractConnector.doStart()               : Started ServerConnector@588a62c8{HTTP/1.1, (http/1.1)}{127.0.0.1:55100}
[20231102-21:22:21-574] INFO    Thread-1             o.e.j.server.AbstractConnector.doStart()               : Started ServerConnector@21b6e423{HTTP/1.1, (http/1.1)}{0.0.0.0:55200}
[20231102-21:22:21-574] INFO    Thread-0             o.e.j.server.Server.doStart()                          : Started @1461ms
[20231102-21:22:21-575] INFO    Thread-1             o.e.j.server.Server.doStart()                          : Started @1461ms
[20231102-21:22:21-682] INFO    kernelExecutor       o.o.kernel.StandardKernel.setState()                   : Switching kernel to state 'OPERATING'
[20231102-21:26:47-091] INFO    qtp1674916808-82     s.h.matching.MatcherFilter.doFilter()                  : The requested route [/demo] has not been mapped in Spark for Accept: [text/html,application/xhtml+xml,application/xml;q=0.9,image/avif,image/webp,image/apng,*/*;q=0.8,application/signed-exchange;v=b3;q=0.7]
[20231102-21:47:01-107] INFO    main                 o.o.util.Environment.logSystemInfo()                   : openTCS baseline version: 5.11.0 (build date: 2023-10-26 12:20:01), customization '-' version - (build date: -), Java: 14.0.1, Oracle Corporation; JVM: 14.0.1+7, Oracle Corporation; OS: Mac OS X, x86_64
[20231102-21:47:01-177] INFO    main                 o.o.c.cfg4j.Cfg4jConfigurationBindingProvider.buildSource(): Using default configuration file /Volumes/workspace 1/SWorkspace/openTCS-5.11.0-bin/openTCS-Kernel/./config/opentcs-kernel-defaults-baseline.properties...
[20231102-21:47:01-184] WARNING main                 o.o.c.cfg4j.Cfg4jConfigurationBindingProvider.buildSource(): Supplementary configuration file /Volumes/workspace 1/SWorkspace/openTCS-5.11.0-bin/openTCS-Kernel/./config/opentcs-kernel-defaults-custom.properties not found, skipped.
[20231102-21:47:01-184] INFO    main                 o.o.c.cfg4j.Cfg4jConfigurationBindingProvider.buildSource(): Using overrides from supplementary configuration file /Volumes/workspace 1/SWorkspace/openTCS-5.11.0-bin/openTCS-Kernel/./config/opentcs-kernel.properties...
[20231102-21:47:01-187] INFO    main                 o.o.c.cfg4j.Cfg4jConfigurationBindingProvider.reloadInterval(): Using configuration reload interval of 10000 ms.
[20231102-21:47:01-188] INFO    main                 o.c.provider.ConfigurationProviderBuilder.build()      : Initializing ConfigurationProvider with org.opentcs.configuration.cfg4j.CachedConfigurationSource source, org.opentcs.configuration.cfg4j.PeriodicalReloadStrategy reload strategy and org.cfg4j.source.context.environment.DefaultEnvironment environment
[20231102-21:47:01-331] INFO    main                 o.o.kernel.RunKernel.findRegisteredModules()           : Integrating injection module org.opentcs.virtualvehicle.LoopbackCommAdapterModule (source: (file:/Volumes/workspace%201/SWorkspace/openTCS-5.11.0-bin/openTCS-Kernel/lib/opentcs-commadapter-loopback-5.11.0.jar <no signer certificates>))
[20231102-21:47:01-333] INFO    main                 o.o.kernel.RunKernel.findRegisteredModules()           : Integrating injection module org.opentcs.kernel.extensions.adminwebapi.AdminWebApiModule (source: (file:/Volumes/workspace%201/SWorkspace/openTCS-5.11.0-bin/openTCS-Kernel/lib/opentcs-kernel-extension-http-services-5.11.0.jar <no signer certificates>))
[20231102-21:47:01-334] INFO    main                 o.o.kernel.RunKernel.findRegisteredModules()           : Integrating injection module org.opentcs.kernel.extensions.servicewebapi.ServiceWebApiModule (source: (file:/Volumes/workspace%201/SWorkspace/openTCS-5.11.0-bin/openTCS-Kernel/lib/opentcs-kernel-extension-http-services-5.11.0.jar <no signer certificates>))
[20231102-21:47:01-335] INFO    main                 o.o.kernel.RunKernel.findRegisteredModules()           : Integrating injection module org.opentcs.kernel.extensions.rmi.RmiServicesModule (source: (file:/Volumes/workspace%201/SWorkspace/openTCS-5.11.0-bin/openTCS-Kernel/lib/opentcs-kernel-extension-rmi-services-5.11.0.jar <no signer certificates>))
[20231102-21:47:01-336] INFO    main                 o.o.kernel.RunKernel.findRegisteredModules()           : Integrating injection module org.opentcs.commadapter.peripheral.loopback.LoopbackPeripheralKernelModule (source: (file:/Volumes/workspace%201/SWorkspace/openTCS-5.11.0-bin/openTCS-Kernel/lib/opentcs-peripheralcommadapter-loopback-5.11.0.jar <no signer certificates>))
[20231102-21:47:01-510] WARNING main                 o.o.k.e.rmi.RmiServicesModule.configure()              : SSL encryption disabled, connections will not be secured!
[20231102-21:47:01-883] INFO    main                 o.o.k.vehicles.VehicleCommAdapterRegistry.<init>()     : Setting up communication adapter factory: org.opentcs.virtualvehicle.LoopbackCommunicationAdapterFactory
[20231102-21:47:01-893] INFO    main                 o.o.k.peripherals.PeripheralCommAdapterRegistry.<init>(): Setting up peripheral communication adapter factory: org.opentcs.commadapter.peripheral.loopback.LoopbackPeripheralCommAdapterFactory
[20231102-21:47:01-908] WARNING kernelExecutor       o.o.k.e.servicewebapi.ServiceWebApi.initialize()       : Encryption disabled, connections will not be secured!
[20231102-21:47:01-987] INFO    Thread-0             o.e.j.u.log.Log.initialized()                          : Logging initialized @1204ms to org.eclipse.jetty.util.log.Slf4jLog
[20231102-21:47:01-997] INFO    kernelExecutor       o.o.kernel.StandardKernel.setState()                   : Switching kernel to state 'MODELLING'
[20231102-21:47:02-166] INFO    Thread-0             s.e.jetty.EmbeddedJettyServer.ignite()                 : == Spark has ignited ...
[20231102-21:47:02-166] INFO    Thread-1             s.e.jetty.EmbeddedJettyServer.ignite()                 : == Spark has ignited ...
[20231102-21:47:02-166] INFO    Thread-0             s.e.jetty.EmbeddedJettyServer.ignite()                 : >> Listening on 127.0.0.1:55100
[20231102-21:47:02-167] INFO    Thread-1             s.e.jetty.EmbeddedJettyServer.ignite()                 : >> Listening on 0.0.0.0:55200
[20231102-21:47:02-170] INFO    Thread-0             o.e.j.server.Server.doStart()                          : jetty-9.4.48.v20220622; built: 2022-06-21T20:42:25.880Z; git: 6b67c5719d1f4371b33655ff2d047d24e171e49a; jvm 14.0.1+7
[20231102-21:47:02-170] INFO    Thread-1             o.e.j.server.Server.doStart()                          : jetty-9.4.48.v20220622; built: 2022-06-21T20:42:25.880Z; git: 6b67c5719d1f4371b33655ff2d047d24e171e49a; jvm 14.0.1+7
[20231102-21:47:02-184] INFO    Thread-0             o.e.j.s.session.DefaultSessionIdManager.doStart()      : DefaultSessionIdManager workerName=node0
[20231102-21:47:02-184] INFO    Thread-1             o.e.j.s.session.DefaultSessionIdManager.doStart()      : DefaultSessionIdManager workerName=node0
[20231102-21:47:02-185] INFO    Thread-0             o.e.j.s.session.DefaultSessionIdManager.doStart()      : No SessionScavenger set, using defaults
[20231102-21:47:02-185] INFO    Thread-1             o.e.j.s.session.DefaultSessionIdManager.doStart()      : No SessionScavenger set, using defaults
[20231102-21:47:02-186] INFO    Thread-0             o.e.j.s.session.HouseKeeper.startScavenging()          : node0 Scavenging every 660000ms
[20231102-21:47:02-186] INFO    Thread-1             o.e.j.s.session.HouseKeeper.startScavenging()          : node0 Scavenging every 660000ms
[20231102-21:47:02-196] INFO    Thread-0             o.e.j.server.AbstractConnector.doStart()               : Started ServerConnector@13be69b{HTTP/1.1, (http/1.1)}{127.0.0.1:55100}
[20231102-21:47:02-196] INFO    Thread-1             o.e.j.server.AbstractConnector.doStart()               : Started ServerConnector@3f8984de{HTTP/1.1, (http/1.1)}{0.0.0.0:55200}
[20231102-21:47:02-197] INFO    Thread-0             o.e.j.server.Server.doStart()                          : Started @1413ms
[20231102-21:47:02-197] INFO    Thread-1             o.e.j.server.Server.doStart()                          : Started @1414ms
[20231102-21:47:02-331] INFO    kernelExecutor       o.o.k.workingset.PlantModelManager.createPlantModelObjects(): Plant model is being created: unnamed
[20231102-21:47:02-332] INFO    kernelExecutor       o.o.kernel.StandardKernel.setState()                   : Switching kernel to state 'OPERATING'
[20231102-21:48:41-332] INFO    main                 o.o.util.Environment.logSystemInfo()                   : openTCS baseline version: 5.11.0 (build date: 2023-10-26 12:20:01), customization '-' version - (build date: -), Java: 14.0.1, Oracle Corporation; JVM: 14.0.1+7, Oracle Corporation; OS: Mac OS X, x86_64
[20231102-21:48:41-365] INFO    main                 o.o.c.cfg4j.Cfg4jConfigurationBindingProvider.buildSource(): Using default configuration file /Volumes/workspace 1/SWorkspace/openTCS-5.11.0-bin/openTCS-Kernel/./config/opentcs-kernel-defaults-baseline.properties...
[20231102-21:48:41-368] WARNING main                 o.o.c.cfg4j.Cfg4jConfigurationBindingProvider.buildSource(): Supplementary configuration file /Volumes/workspace 1/SWorkspace/openTCS-5.11.0-bin/openTCS-Kernel/./config/opentcs-kernel-defaults-custom.properties not found, skipped.
[20231102-21:48:41-369] INFO    main                 o.o.c.cfg4j.Cfg4jConfigurationBindingProvider.buildSource(): Using overrides from supplementary configuration file /Volumes/workspace 1/SWorkspace/openTCS-5.11.0-bin/openTCS-Kernel/./config/opentcs-kernel.properties...
[20231102-21:48:41-371] INFO    main                 o.o.c.cfg4j.Cfg4jConfigurationBindingProvider.reloadInterval(): Using configuration reload interval of 10000 ms.
[20231102-21:48:41-372] INFO    main                 o.c.provider.ConfigurationProviderBuilder.build()      : Initializing ConfigurationProvider with org.opentcs.configuration.cfg4j.CachedConfigurationSource source, org.opentcs.configuration.cfg4j.PeriodicalReloadStrategy reload strategy and org.cfg4j.source.context.environment.DefaultEnvironment environment
[20231102-21:48:41-381] INFO    main                 o.o.kernel.RunKernel.findRegisteredModules()           : Integrating injection module org.opentcs.virtualvehicle.LoopbackCommAdapterModule (source: (file:/Volumes/workspace%201/SWorkspace/openTCS-5.11.0-bin/openTCS-Kernel/lib/opentcs-commadapter-loopback-5.11.0.jar <no signer certificates>))
[20231102-21:48:41-382] INFO    main                 o.o.kernel.RunKernel.findRegisteredModules()           : Integrating injection module org.opentcs.kernel.extensions.adminwebapi.AdminWebApiModule (source: (file:/Volumes/workspace%201/SWorkspace/openTCS-5.11.0-bin/openTCS-Kernel/lib/opentcs-kernel-extension-http-services-5.11.0.jar <no signer certificates>))
[20231102-21:48:41-383] INFO    main                 o.o.kernel.RunKernel.findRegisteredModules()           : Integrating injection module org.opentcs.kernel.extensions.servicewebapi.ServiceWebApiModule (source: (file:/Volumes/workspace%201/SWorkspace/openTCS-5.11.0-bin/openTCS-Kernel/lib/opentcs-kernel-extension-http-services-5.11.0.jar <no signer certificates>))
[20231102-21:48:41-384] INFO    main                 o.o.kernel.RunKernel.findRegisteredModules()           : Integrating injection module org.opentcs.kernel.extensions.rmi.RmiServicesModule (source: (file:/Volumes/workspace%201/SWorkspace/openTCS-5.11.0-bin/openTCS-Kernel/lib/opentcs-kernel-extension-rmi-services-5.11.0.jar <no signer certificates>))
[20231102-21:48:41-385] INFO    main                 o.o.kernel.RunKernel.findRegisteredModules()           : Integrating injection module org.opentcs.commadapter.peripheral.loopback.LoopbackPeripheralKernelModule (source: (file:/Volumes/workspace%201/SWorkspace/openTCS-5.11.0-bin/openTCS-Kernel/lib/opentcs-peripheralcommadapter-loopback-5.11.0.jar <no signer certificates>))
[20231102-21:48:41-532] WARNING main                 o.o.k.e.rmi.RmiServicesModule.configure()              : SSL encryption disabled, connections will not be secured!
[20231102-21:48:41-772] INFO    main                 o.o.k.vehicles.VehicleCommAdapterRegistry.<init>()     : Setting up communication adapter factory: org.opentcs.virtualvehicle.LoopbackCommunicationAdapterFactory
[20231102-21:48:41-783] INFO    main                 o.o.k.peripherals.PeripheralCommAdapterRegistry.<init>(): Setting up peripheral communication adapter factory: org.opentcs.commadapter.peripheral.loopback.LoopbackPeripheralCommAdapterFactory
[20231102-21:48:41-796] WARNING kernelExecutor       o.o.k.e.servicewebapi.ServiceWebApi.initialize()       : Encryption disabled, connections will not be secured!
[20231102-21:48:41-811] INFO    Thread-0             o.e.j.u.log.Log.initialized()                          : Logging initialized @564ms to org.eclipse.jetty.util.log.Slf4jLog
[20231102-21:48:41-841] INFO    Thread-1             s.e.jetty.EmbeddedJettyServer.ignite()                 : == Spark has ignited ...
[20231102-21:48:41-841] INFO    Thread-0             s.e.jetty.EmbeddedJettyServer.ignite()                 : == Spark has ignited ...
[20231102-21:48:41-841] INFO    Thread-1             s.e.jetty.EmbeddedJettyServer.ignite()                 : >> Listening on 0.0.0.0:55200
[20231102-21:48:41-842] INFO    Thread-0             s.e.jetty.EmbeddedJettyServer.ignite()                 : >> Listening on 127.0.0.1:55100
[20231102-21:48:41-843] INFO    Thread-0             o.e.j.server.Server.doStart()                          : jetty-9.4.48.v20220622; built: 2022-06-21T20:42:25.880Z; git: 6b67c5719d1f4371b33655ff2d047d24e171e49a; jvm 14.0.1+7
[20231102-21:48:41-843] INFO    Thread-1             o.e.j.server.Server.doStart()                          : jetty-9.4.48.v20220622; built: 2022-06-21T20:42:25.880Z; git: 6b67c5719d1f4371b33655ff2d047d24e171e49a; jvm 14.0.1+7
[20231102-21:48:41-846] INFO    kernelExecutor       o.o.kernel.StandardKernel.setState()                   : Switching kernel to state 'MODELLING'
[20231102-21:48:41-861] INFO    Thread-1             o.e.j.s.session.DefaultSessionIdManager.doStart()      : DefaultSessionIdManager workerName=node0
[20231102-21:48:41-861] INFO    Thread-0             o.e.j.s.session.DefaultSessionIdManager.doStart()      : DefaultSessionIdManager workerName=node0
[20231102-21:48:41-861] INFO    Thread-1             o.e.j.s.session.DefaultSessionIdManager.doStart()      : No SessionScavenger set, using defaults
[20231102-21:48:41-861] INFO    Thread-0             o.e.j.s.session.DefaultSessionIdManager.doStart()      : No SessionScavenger set, using defaults
[20231102-21:48:41-862] INFO    Thread-0             o.e.j.s.session.HouseKeeper.startScavenging()          : node0 Scavenging every 660000ms
[20231102-21:48:41-862] INFO    Thread-1             o.e.j.s.session.HouseKeeper.startScavenging()          : node0 Scavenging every 660000ms
[20231102-21:48:41-872] INFO    Thread-0             o.e.j.server.AbstractConnector.doStart()               : Started ServerConnector@781688d8{HTTP/1.1, (http/1.1)}{127.0.0.1:55100}
[20231102-21:48:41-872] INFO    Thread-1             o.e.j.server.AbstractConnector.doStart()               : Started ServerConnector@18b063ca{HTTP/1.1, (http/1.1)}{0.0.0.0:55200}
[20231102-21:48:41-873] INFO    Thread-0             o.e.j.server.Server.doStart()                          : Started @626ms
[20231102-21:48:41-873] INFO    Thread-1             o.e.j.server.Server.doStart()                          : Started @626ms
[20231102-21:48:41-998] INFO    kernelExecutor       o.o.k.workingset.PlantModelManager.createPlantModelObjects(): Plant model is being created: unnamed
[20231102-21:48:42-000] INFO    kernelExecutor       o.o.kernel.StandardKernel.setState()                   : Switching kernel to state 'OPERATING'
[20231102-21:51:17-941] INFO    main                 o.o.util.Environment.logSystemInfo()                   : openTCS baseline version: 5.11.0 (build date: 2023-10-26 12:20:01), customization '-' version - (build date: -), Java: 14.0.1, Oracle Corporation; JVM: 14.0.1+7, Oracle Corporation; OS: Mac OS X, x86_64
[20231102-21:51:17-972] INFO    main                 o.o.c.cfg4j.Cfg4jConfigurationBindingProvider.buildSource(): Using default configuration file /Volumes/workspace 1/SWorkspace/openTCS-5.11.0-bin/openTCS-Kernel/./config/opentcs-kernel-defaults-baseline.properties...
[20231102-21:51:17-976] WARNING main                 o.o.c.cfg4j.Cfg4jConfigurationBindingProvider.buildSource(): Supplementary configuration file /Volumes/workspace 1/SWorkspace/openTCS-5.11.0-bin/openTCS-Kernel/./config/opentcs-kernel-defaults-custom.properties not found, skipped.
[20231102-21:51:17-976] INFO    main                 o.o.c.cfg4j.Cfg4jConfigurationBindingProvider.buildSource(): Using overrides from supplementary configuration file /Volumes/workspace 1/SWorkspace/openTCS-5.11.0-bin/openTCS-Kernel/./config/opentcs-kernel.properties...
[20231102-21:51:17-979] INFO    main                 o.o.c.cfg4j.Cfg4jConfigurationBindingProvider.reloadInterval(): Using configuration reload interval of 10000 ms.
[20231102-21:51:17-980] INFO    main                 o.c.provider.ConfigurationProviderBuilder.build()      : Initializing ConfigurationProvider with org.opentcs.configuration.cfg4j.CachedConfigurationSource source, org.opentcs.configuration.cfg4j.PeriodicalReloadStrategy reload strategy and org.cfg4j.source.context.environment.DefaultEnvironment environment
[20231102-21:51:17-989] INFO    main                 o.o.kernel.RunKernel.findRegisteredModules()           : Integrating injection module org.opentcs.virtualvehicle.LoopbackCommAdapterModule (source: (file:/Volumes/workspace%201/SWorkspace/openTCS-5.11.0-bin/openTCS-Kernel/lib/opentcs-commadapter-loopback-5.11.0.jar <no signer certificates>))
[20231102-21:51:17-990] INFO    main                 o.o.kernel.RunKernel.findRegisteredModules()           : Integrating injection module org.opentcs.kernel.extensions.adminwebapi.AdminWebApiModule (source: (file:/Volumes/workspace%201/SWorkspace/openTCS-5.11.0-bin/openTCS-Kernel/lib/opentcs-kernel-extension-http-services-5.11.0.jar <no signer certificates>))
[20231102-21:51:17-991] INFO    main                 o.o.kernel.RunKernel.findRegisteredModules()           : Integrating injection module org.opentcs.kernel.extensions.servicewebapi.ServiceWebApiModule (source: (file:/Volumes/workspace%201/SWorkspace/openTCS-5.11.0-bin/openTCS-Kernel/lib/opentcs-kernel-extension-http-services-5.11.0.jar <no signer certificates>))
[20231102-21:51:17-992] INFO    main                 o.o.kernel.RunKernel.findRegisteredModules()           : Integrating injection module org.opentcs.kernel.extensions.rmi.RmiServicesModule (source: (file:/Volumes/workspace%201/SWorkspace/openTCS-5.11.0-bin/openTCS-Kernel/lib/opentcs-kernel-extension-rmi-services-5.11.0.jar <no signer certificates>))
[20231102-21:51:17-993] INFO    main                 o.o.kernel.RunKernel.findRegisteredModules()           : Integrating injection module org.opentcs.commadapter.peripheral.loopback.LoopbackPeripheralKernelModule (source: (file:/Volumes/workspace%201/SWorkspace/openTCS-5.11.0-bin/openTCS-Kernel/lib/opentcs-peripheralcommadapter-loopback-5.11.0.jar <no signer certificates>))
[20231102-21:51:18-138] WARNING main                 o.o.k.e.rmi.RmiServicesModule.configure()              : SSL encryption disabled, connections will not be secured!
[20231102-21:51:18-374] INFO    main                 o.o.k.vehicles.VehicleCommAdapterRegistry.<init>()     : Setting up communication adapter factory: org.opentcs.virtualvehicle.LoopbackCommunicationAdapterFactory
[20231102-21:51:18-383] INFO    main                 o.o.k.peripherals.PeripheralCommAdapterRegistry.<init>(): Setting up peripheral communication adapter factory: org.opentcs.commadapter.peripheral.loopback.LoopbackPeripheralCommAdapterFactory
[20231102-21:51:18-397] WARNING kernelExecutor       o.o.k.e.servicewebapi.ServiceWebApi.initialize()       : Encryption disabled, connections will not be secured!
[20231102-21:51:18-410] INFO    Thread-0             o.e.j.u.log.Log.initialized()                          : Logging initialized @549ms to org.eclipse.jetty.util.log.Slf4jLog
[20231102-21:51:18-438] INFO    Thread-0             s.e.jetty.EmbeddedJettyServer.ignite()                 : == Spark has ignited ...
[20231102-21:51:18-438] INFO    Thread-1             s.e.jetty.EmbeddedJettyServer.ignite()                 : == Spark has ignited ...
[20231102-21:51:18-438] INFO    Thread-0             s.e.jetty.EmbeddedJettyServer.ignite()                 : >> Listening on 127.0.0.1:55100
[20231102-21:51:18-438] INFO    Thread-1             s.e.jetty.EmbeddedJettyServer.ignite()                 : >> Listening on 0.0.0.0:55200
[20231102-21:51:18-439] INFO    kernelExecutor       o.o.kernel.StandardKernel.setState()                   : Switching kernel to state 'MODELLING'
[20231102-21:51:18-440] INFO    Thread-0             o.e.j.server.Server.doStart()                          : jetty-9.4.48.v20220622; built: 2022-06-21T20:42:25.880Z; git: 6b67c5719d1f4371b33655ff2d047d24e171e49a; jvm 14.0.1+7
[20231102-21:51:18-440] INFO    Thread-1             o.e.j.server.Server.doStart()                          : jetty-9.4.48.v20220622; built: 2022-06-21T20:42:25.880Z; git: 6b67c5719d1f4371b33655ff2d047d24e171e49a; jvm 14.0.1+7
[20231102-21:51:18-456] INFO    Thread-1             o.e.j.s.session.DefaultSessionIdManager.doStart()      : DefaultSessionIdManager workerName=node0
[20231102-21:51:18-456] INFO    Thread-0             o.e.j.s.session.DefaultSessionIdManager.doStart()      : DefaultSessionIdManager workerName=node0
[20231102-21:51:18-456] INFO    Thread-1             o.e.j.s.session.DefaultSessionIdManager.doStart()      : No SessionScavenger set, using defaults
[20231102-21:51:18-456] INFO    Thread-0             o.e.j.s.session.DefaultSessionIdManager.doStart()      : No SessionScavenger set, using defaults
[20231102-21:51:18-457] INFO    Thread-1             o.e.j.s.session.HouseKeeper.startScavenging()          : node0 Scavenging every 660000ms
[20231102-21:51:18-457] INFO    Thread-0             o.e.j.s.session.HouseKeeper.startScavenging()          : node0 Scavenging every 660000ms
[20231102-21:51:18-467] INFO    Thread-0             o.e.j.server.AbstractConnector.doStart()               : Started ServerConnector@7e4adf67{HTTP/1.1, (http/1.1)}{127.0.0.1:55100}
[20231102-21:51:18-467] INFO    Thread-1             o.e.j.server.AbstractConnector.doStart()               : Started ServerConnector@7b0621ad{HTTP/1.1, (http/1.1)}{0.0.0.0:55200}
[20231102-21:51:18-467] INFO    Thread-0             o.e.j.server.Server.doStart()                          : Started @606ms
[20231102-21:51:18-468] INFO    Thread-1             o.e.j.server.Server.doStart()                          : Started @606ms
[20231102-21:51:18-581] INFO    kernelExecutor       o.o.k.workingset.PlantModelManager.createPlantModelObjects(): Plant model is being created: unnamed
[20231102-21:51:18-583] INFO    kernelExecutor       o.o.kernel.StandardKernel.setState()                   : Switching kernel to state 'OPERATING'
